<?xml version="1.0" encoding="UTF-8"?>
<coverage generated="1589214308">
  <project timestamp="1589214308">
    <package name="TonyBogdanov\MockableAnnotations\MockProvider">
      <file name="/Users/runner/runners/2.169.1/work/mockable-annotations/mockable-annotations/src/MockProvider/ClassMockProvider.php">
        <class name="TonyBogdanov\MockableAnnotations\MockProvider\ClassMockProvider" namespace="TonyBogdanov\MockableAnnotations\MockProvider" fullPackage="TonyBogdanov" package="TonyBogdanov">
          <metrics complexity="14" methods="11" coveredmethods="11" conditionals="0" coveredconditionals="0" statements="21" coveredstatements="21" elements="32" coveredelements="32"/>
        </class>
        <line num="54" type="method" name="__construct" visibility="public" complexity="1" crap="1" count="16"/>
        <line num="64" type="stmt" count="16"/>
        <line num="65" type="stmt" count="16"/>
        <line num="66" type="stmt" count="16"/>
        <line num="67" type="stmt" count="16"/>
        <line num="69" type="stmt" count="16"/>
        <line num="77" type="method" name="mockClassAnnotations" visibility="public" complexity="3" crap="3" count="6"/>
        <line num="79" type="stmt" count="6"/>
        <line num="81" type="stmt" count="1"/>
        <line num="85" type="stmt" count="5"/>
        <line num="92" type="method" name="getAnnotations" visibility="public" complexity="1" crap="1" count="6"/>
        <line num="94" type="stmt" count="6"/>
        <line num="103" type="method" name="setAnnotations" visibility="public" complexity="1" crap="1" count="16"/>
        <line num="105" type="stmt" count="16"/>
        <line num="106" type="stmt" count="16"/>
        <line num="113" type="method" name="getStrategy" visibility="public" complexity="1" crap="1" count="6"/>
        <line num="115" type="stmt" count="6"/>
        <line num="124" type="method" name="setStrategy" visibility="public" complexity="1" crap="1" count="16"/>
        <line num="126" type="stmt" count="16"/>
        <line num="127" type="stmt" count="16"/>
        <line num="134" type="method" name="hasFilter" visibility="public" complexity="1" crap="1" count="7"/>
        <line num="136" type="stmt" count="7"/>
        <line num="143" type="method" name="getFilter" visibility="public" complexity="2" crap="2" count="5"/>
        <line num="145" type="stmt" count="5"/>
        <line num="154" type="method" name="setFilter" visibility="public" complexity="1" crap="1" count="16"/>
        <line num="156" type="stmt" count="16"/>
        <line num="157" type="stmt" count="16"/>
        <line num="164" type="method" name="getPriority" visibility="public" complexity="1" crap="1" count="3"/>
        <line num="166" type="stmt" count="3"/>
        <line num="175" type="method" name="setPriority" visibility="public" complexity="1" crap="1" count="16"/>
        <line num="177" type="stmt" count="16"/>
        <line num="178" type="stmt" count="16"/>
        <metrics loc="182" ncloc="110" classes="1" methods="11" coveredmethods="11" conditionals="0" coveredconditionals="0" statements="21" coveredstatements="21" elements="32" coveredelements="32"/>
      </file>
      <file name="/Users/runner/runners/2.169.1/work/mockable-annotations/mockable-annotations/src/MockProvider/MethodMockProvider.php">
        <class name="TonyBogdanov\MockableAnnotations\MockProvider\MethodMockProvider" namespace="TonyBogdanov\MockableAnnotations\MockProvider" fullPackage="TonyBogdanov" package="TonyBogdanov">
          <metrics complexity="14" methods="11" coveredmethods="11" conditionals="0" coveredconditionals="0" statements="21" coveredstatements="21" elements="32" coveredelements="32"/>
        </class>
        <line num="54" type="method" name="__construct" visibility="public" complexity="1" crap="1" count="16"/>
        <line num="64" type="stmt" count="16"/>
        <line num="65" type="stmt" count="16"/>
        <line num="66" type="stmt" count="16"/>
        <line num="67" type="stmt" count="16"/>
        <line num="69" type="stmt" count="16"/>
        <line num="77" type="method" name="mockMethodAnnotations" visibility="public" complexity="3" crap="3" count="6"/>
        <line num="79" type="stmt" count="6"/>
        <line num="81" type="stmt" count="1"/>
        <line num="85" type="stmt" count="5"/>
        <line num="92" type="method" name="getAnnotations" visibility="public" complexity="1" crap="1" count="6"/>
        <line num="94" type="stmt" count="6"/>
        <line num="103" type="method" name="setAnnotations" visibility="public" complexity="1" crap="1" count="16"/>
        <line num="105" type="stmt" count="16"/>
        <line num="106" type="stmt" count="16"/>
        <line num="113" type="method" name="getStrategy" visibility="public" complexity="1" crap="1" count="6"/>
        <line num="115" type="stmt" count="6"/>
        <line num="124" type="method" name="setStrategy" visibility="public" complexity="1" crap="1" count="16"/>
        <line num="126" type="stmt" count="16"/>
        <line num="127" type="stmt" count="16"/>
        <line num="134" type="method" name="hasFilter" visibility="public" complexity="1" crap="1" count="7"/>
        <line num="136" type="stmt" count="7"/>
        <line num="143" type="method" name="getFilter" visibility="public" complexity="2" crap="2" count="5"/>
        <line num="145" type="stmt" count="5"/>
        <line num="154" type="method" name="setFilter" visibility="public" complexity="1" crap="1" count="16"/>
        <line num="156" type="stmt" count="16"/>
        <line num="157" type="stmt" count="16"/>
        <line num="164" type="method" name="getPriority" visibility="public" complexity="1" crap="1" count="3"/>
        <line num="166" type="stmt" count="3"/>
        <line num="175" type="method" name="setPriority" visibility="public" complexity="1" crap="1" count="16"/>
        <line num="177" type="stmt" count="16"/>
        <line num="178" type="stmt" count="16"/>
        <metrics loc="182" ncloc="110" classes="1" methods="11" coveredmethods="11" conditionals="0" coveredconditionals="0" statements="21" coveredstatements="21" elements="32" coveredelements="32"/>
      </file>
      <file name="/Users/runner/runners/2.169.1/work/mockable-annotations/mockable-annotations/src/MockProvider/PropertyMockProvider.php">
        <class name="TonyBogdanov\MockableAnnotations\MockProvider\PropertyMockProvider" namespace="TonyBogdanov\MockableAnnotations\MockProvider" fullPackage="TonyBogdanov" package="TonyBogdanov">
          <metrics complexity="14" methods="11" coveredmethods="11" conditionals="0" coveredconditionals="0" statements="21" coveredstatements="21" elements="32" coveredelements="32"/>
        </class>
        <line num="54" type="method" name="__construct" visibility="public" complexity="1" crap="1" count="16"/>
        <line num="64" type="stmt" count="16"/>
        <line num="65" type="stmt" count="16"/>
        <line num="66" type="stmt" count="16"/>
        <line num="67" type="stmt" count="16"/>
        <line num="69" type="stmt" count="16"/>
        <line num="77" type="method" name="mockPropertyAnnotations" visibility="public" complexity="3" crap="3" count="6"/>
        <line num="79" type="stmt" count="6"/>
        <line num="81" type="stmt" count="1"/>
        <line num="85" type="stmt" count="5"/>
        <line num="92" type="method" name="getAnnotations" visibility="public" complexity="1" crap="1" count="6"/>
        <line num="94" type="stmt" count="6"/>
        <line num="103" type="method" name="setAnnotations" visibility="public" complexity="1" crap="1" count="16"/>
        <line num="105" type="stmt" count="16"/>
        <line num="106" type="stmt" count="16"/>
        <line num="113" type="method" name="getStrategy" visibility="public" complexity="1" crap="1" count="6"/>
        <line num="115" type="stmt" count="6"/>
        <line num="124" type="method" name="setStrategy" visibility="public" complexity="1" crap="1" count="16"/>
        <line num="126" type="stmt" count="16"/>
        <line num="127" type="stmt" count="16"/>
        <line num="134" type="method" name="hasFilter" visibility="public" complexity="1" crap="1" count="7"/>
        <line num="136" type="stmt" count="7"/>
        <line num="143" type="method" name="getFilter" visibility="public" complexity="2" crap="2" count="5"/>
        <line num="145" type="stmt" count="5"/>
        <line num="154" type="method" name="setFilter" visibility="public" complexity="1" crap="1" count="16"/>
        <line num="156" type="stmt" count="16"/>
        <line num="157" type="stmt" count="16"/>
        <line num="164" type="method" name="getPriority" visibility="public" complexity="1" crap="1" count="3"/>
        <line num="166" type="stmt" count="3"/>
        <line num="175" type="method" name="setPriority" visibility="public" complexity="1" crap="1" count="16"/>
        <line num="177" type="stmt" count="16"/>
        <line num="178" type="stmt" count="16"/>
        <metrics loc="182" ncloc="110" classes="1" methods="11" coveredmethods="11" conditionals="0" coveredconditionals="0" statements="21" coveredstatements="21" elements="32" coveredelements="32"/>
      </file>
    </package>
    <package name="TonyBogdanov\MockableAnnotations\MockProvider\ClassMockProvider\Filter">
      <file name="/Users/runner/runners/2.169.1/work/mockable-annotations/mockable-annotations/src/MockProvider/ClassMockProvider/Filter/ClassNameFilter.php">
        <class name="TonyBogdanov\MockableAnnotations\MockProvider\ClassMockProvider\Filter\ClassNameFilter" namespace="TonyBogdanov\MockableAnnotations\MockProvider\ClassMockProvider\Filter" fullPackage="TonyBogdanov" package="TonyBogdanov">
          <metrics complexity="7" methods="6" coveredmethods="6" conditionals="0" coveredconditionals="0" statements="12" coveredstatements="12" elements="18" coveredelements="18"/>
        </class>
        <line num="37" type="method" name="__construct" visibility="public" complexity="1" crap="1" count="13"/>
        <line num="40" type="stmt" count="13"/>
        <line num="41" type="stmt" count="13"/>
        <line num="43" type="stmt" count="13"/>
        <line num="51" type="method" name="shouldMock" visibility="public" complexity="2" crap="2" count="6"/>
        <line num="53" type="stmt" count="6"/>
        <line num="54" type="stmt" count="1"/>
        <line num="55" type="stmt" count="6"/>
        <line num="62" type="method" name="getClassName" visibility="public" complexity="1" crap="1" count="7"/>
        <line num="64" type="stmt" count="7"/>
        <line num="73" type="method" name="setClassName" visibility="public" complexity="1" crap="1" count="13"/>
        <line num="75" type="stmt" count="13"/>
        <line num="76" type="stmt" count="13"/>
        <line num="83" type="method" name="isStrict" visibility="public" complexity="1" crap="1" count="7"/>
        <line num="85" type="stmt" count="7"/>
        <line num="94" type="method" name="setStrict" visibility="public" complexity="1" crap="1" count="13"/>
        <line num="96" type="stmt" count="13"/>
        <line num="97" type="stmt" count="13"/>
        <metrics loc="101" ncloc="56" classes="1" methods="6" coveredmethods="6" conditionals="0" coveredconditionals="0" statements="12" coveredstatements="12" elements="18" coveredelements="18"/>
      </file>
    </package>
    <file name="/Users/runner/runners/2.169.1/work/mockable-annotations/mockable-annotations/src/MockProvider/ClassMockProvider/Filter/FilterInterface.php">
      <metrics loc="29" ncloc="12" classes="0" methods="0" coveredmethods="0" conditionals="0" coveredconditionals="0" statements="0" coveredstatements="0" elements="0" coveredelements="0"/>
    </file>
    <package name="TonyBogdanov\MockableAnnotations\MockProvider\ClassMockProvider\Strategy">
      <file name="/Users/runner/runners/2.169.1/work/mockable-annotations/mockable-annotations/src/MockProvider/ClassMockProvider/Strategy/MergeStrategy.php">
        <class name="TonyBogdanov\MockableAnnotations\MockProvider\ClassMockProvider\Strategy\MergeStrategy" namespace="TonyBogdanov\MockableAnnotations\MockProvider\ClassMockProvider\Strategy" fullPackage="TonyBogdanov" package="TonyBogdanov">
          <metrics complexity="1" methods="1" coveredmethods="1" conditionals="0" coveredconditionals="0" statements="1" coveredstatements="1" elements="2" coveredelements="2"/>
        </class>
        <line num="28" type="method" name="mock" visibility="public" complexity="1" crap="1" count="2"/>
        <line num="30" type="stmt" count="2"/>
        <metrics loc="34" ncloc="16" classes="1" methods="1" coveredmethods="1" conditionals="0" coveredconditionals="0" statements="1" coveredstatements="1" elements="2" coveredelements="2"/>
      </file>
      <file name="/Users/runner/runners/2.169.1/work/mockable-annotations/mockable-annotations/src/MockProvider/ClassMockProvider/Strategy/OverrideStrategy.php">
        <class name="TonyBogdanov\MockableAnnotations\MockProvider\ClassMockProvider\Strategy\OverrideStrategy" namespace="TonyBogdanov\MockableAnnotations\MockProvider\ClassMockProvider\Strategy" fullPackage="TonyBogdanov" package="TonyBogdanov">
          <metrics complexity="1" methods="1" coveredmethods="1" conditionals="0" coveredconditionals="0" statements="1" coveredstatements="1" elements="2" coveredelements="2"/>
        </class>
        <line num="28" type="method" name="mock" visibility="public" complexity="1" crap="1" count="5"/>
        <line num="30" type="stmt" count="5"/>
        <metrics loc="34" ncloc="16" classes="1" methods="1" coveredmethods="1" conditionals="0" coveredconditionals="0" statements="1" coveredstatements="1" elements="2" coveredelements="2"/>
      </file>
    </package>
    <file name="/Users/runner/runners/2.169.1/work/mockable-annotations/mockable-annotations/src/MockProvider/ClassMockProvider/Strategy/StrategyInterface.php">
      <metrics loc="30" ncloc="12" classes="0" methods="0" coveredmethods="0" conditionals="0" coveredconditionals="0" statements="0" coveredstatements="0" elements="0" coveredelements="0"/>
    </file>
    <file name="/Users/runner/runners/2.169.1/work/mockable-annotations/mockable-annotations/src/MockProvider/ClassMockProviderInterface.php">
      <metrics loc="29" ncloc="12" classes="0" methods="0" coveredmethods="0" conditionals="0" coveredconditionals="0" statements="0" coveredstatements="0" elements="0" coveredelements="0"/>
    </file>
    <file name="/Users/runner/runners/2.169.1/work/mockable-annotations/mockable-annotations/src/MockProvider/MethodMockProvider/Filter/FilterInterface.php">
      <metrics loc="29" ncloc="12" classes="0" methods="0" coveredmethods="0" conditionals="0" coveredconditionals="0" statements="0" coveredstatements="0" elements="0" coveredelements="0"/>
    </file>
    <package name="TonyBogdanov\MockableAnnotations\MockProvider\MethodMockProvider\Filter">
      <file name="/Users/runner/runners/2.169.1/work/mockable-annotations/mockable-annotations/src/MockProvider/MethodMockProvider/Filter/MethodNameFilter.php">
        <class name="TonyBogdanov\MockableAnnotations\MockProvider\MethodMockProvider\Filter\MethodNameFilter" namespace="TonyBogdanov\MockableAnnotations\MockProvider\MethodMockProvider\Filter" fullPackage="TonyBogdanov" package="TonyBogdanov">
          <metrics complexity="7" methods="6" coveredmethods="6" conditionals="0" coveredconditionals="0" statements="11" coveredstatements="11" elements="17" coveredelements="17"/>
        </class>
        <line num="37" type="method" name="__construct" visibility="public" complexity="1" crap="1" count="12"/>
        <line num="40" type="stmt" count="12"/>
        <line num="41" type="stmt" count="12"/>
        <line num="43" type="stmt" count="12"/>
        <line num="51" type="method" name="shouldMock" visibility="public" complexity="2" crap="2" count="5"/>
        <line num="54" type="stmt" count="5"/>
        <line num="55" type="stmt" count="5"/>
        <line num="62" type="method" name="getClassName" visibility="public" complexity="1" crap="1" count="6"/>
        <line num="64" type="stmt" count="6"/>
        <line num="73" type="method" name="setClassName" visibility="public" complexity="1" crap="1" count="12"/>
        <line num="75" type="stmt" count="12"/>
        <line num="76" type="stmt" count="12"/>
        <line num="83" type="method" name="getMethodName" visibility="public" complexity="1" crap="1" count="5"/>
        <line num="85" type="stmt" count="5"/>
        <line num="94" type="method" name="setMethodName" visibility="public" complexity="1" crap="1" count="12"/>
        <line num="96" type="stmt" count="12"/>
        <line num="97" type="stmt" count="12"/>
        <metrics loc="101" ncloc="56" classes="1" methods="6" coveredmethods="6" conditionals="0" coveredconditionals="0" statements="11" coveredstatements="11" elements="17" coveredelements="17"/>
      </file>
    </package>
    <package name="TonyBogdanov\MockableAnnotations\MockProvider\MethodMockProvider\Strategy">
      <file name="/Users/runner/runners/2.169.1/work/mockable-annotations/mockable-annotations/src/MockProvider/MethodMockProvider/Strategy/MergeStrategy.php">
        <class name="TonyBogdanov\MockableAnnotations\MockProvider\MethodMockProvider\Strategy\MergeStrategy" namespace="TonyBogdanov\MockableAnnotations\MockProvider\MethodMockProvider\Strategy" fullPackage="TonyBogdanov" package="TonyBogdanov">
          <metrics complexity="1" methods="1" coveredmethods="1" conditionals="0" coveredconditionals="0" statements="1" coveredstatements="1" elements="2" coveredelements="2"/>
        </class>
        <line num="28" type="method" name="mock" visibility="public" complexity="1" crap="1" count="2"/>
        <line num="30" type="stmt" count="2"/>
        <metrics loc="34" ncloc="16" classes="1" methods="1" coveredmethods="1" conditionals="0" coveredconditionals="0" statements="1" coveredstatements="1" elements="2" coveredelements="2"/>
      </file>
      <file name="/Users/runner/runners/2.169.1/work/mockable-annotations/mockable-annotations/src/MockProvider/MethodMockProvider/Strategy/OverrideStrategy.php">
        <class name="TonyBogdanov\MockableAnnotations\MockProvider\MethodMockProvider\Strategy\OverrideStrategy" namespace="TonyBogdanov\MockableAnnotations\MockProvider\MethodMockProvider\Strategy" fullPackage="TonyBogdanov" package="TonyBogdanov">
          <metrics complexity="1" methods="1" coveredmethods="1" conditionals="0" coveredconditionals="0" statements="1" coveredstatements="1" elements="2" coveredelements="2"/>
        </class>
        <line num="28" type="method" name="mock" visibility="public" complexity="1" crap="1" count="5"/>
        <line num="30" type="stmt" count="5"/>
        <metrics loc="34" ncloc="16" classes="1" methods="1" coveredmethods="1" conditionals="0" coveredconditionals="0" statements="1" coveredstatements="1" elements="2" coveredelements="2"/>
      </file>
    </package>
    <file name="/Users/runner/runners/2.169.1/work/mockable-annotations/mockable-annotations/src/MockProvider/MethodMockProvider/Strategy/StrategyInterface.php">
      <metrics loc="30" ncloc="12" classes="0" methods="0" coveredmethods="0" conditionals="0" coveredconditionals="0" statements="0" coveredstatements="0" elements="0" coveredelements="0"/>
    </file>
    <file name="/Users/runner/runners/2.169.1/work/mockable-annotations/mockable-annotations/src/MockProvider/MethodMockProviderInterface.php">
      <metrics loc="29" ncloc="12" classes="0" methods="0" coveredmethods="0" conditionals="0" coveredconditionals="0" statements="0" coveredstatements="0" elements="0" coveredelements="0"/>
    </file>
    <file name="/Users/runner/runners/2.169.1/work/mockable-annotations/mockable-annotations/src/MockProvider/PropertyMockProvider/Filter/FilterInterface.php">
      <metrics loc="29" ncloc="12" classes="0" methods="0" coveredmethods="0" conditionals="0" coveredconditionals="0" statements="0" coveredstatements="0" elements="0" coveredelements="0"/>
    </file>
    <package name="TonyBogdanov\MockableAnnotations\MockProvider\PropertyMockProvider\Filter">
      <file name="/Users/runner/runners/2.169.1/work/mockable-annotations/mockable-annotations/src/MockProvider/PropertyMockProvider/Filter/PropertyNameFilter.php">
        <class name="TonyBogdanov\MockableAnnotations\MockProvider\PropertyMockProvider\Filter\PropertyNameFilter" namespace="TonyBogdanov\MockableAnnotations\MockProvider\PropertyMockProvider\Filter" fullPackage="TonyBogdanov" package="TonyBogdanov">
          <metrics complexity="7" methods="6" coveredmethods="6" conditionals="0" coveredconditionals="0" statements="11" coveredstatements="11" elements="17" coveredelements="17"/>
        </class>
        <line num="37" type="method" name="__construct" visibility="public" complexity="1" crap="1" count="12"/>
        <line num="40" type="stmt" count="12"/>
        <line num="41" type="stmt" count="12"/>
        <line num="43" type="stmt" count="12"/>
        <line num="51" type="method" name="shouldMock" visibility="public" complexity="2" crap="2" count="5"/>
        <line num="54" type="stmt" count="5"/>
        <line num="55" type="stmt" count="5"/>
        <line num="62" type="method" name="getClassName" visibility="public" complexity="1" crap="1" count="6"/>
        <line num="64" type="stmt" count="6"/>
        <line num="73" type="method" name="setClassName" visibility="public" complexity="1" crap="1" count="12"/>
        <line num="75" type="stmt" count="12"/>
        <line num="76" type="stmt" count="12"/>
        <line num="83" type="method" name="getPropertyName" visibility="public" complexity="1" crap="1" count="5"/>
        <line num="85" type="stmt" count="5"/>
        <line num="94" type="method" name="setPropertyName" visibility="public" complexity="1" crap="1" count="12"/>
        <line num="96" type="stmt" count="12"/>
        <line num="97" type="stmt" count="12"/>
        <metrics loc="101" ncloc="56" classes="1" methods="6" coveredmethods="6" conditionals="0" coveredconditionals="0" statements="11" coveredstatements="11" elements="17" coveredelements="17"/>
      </file>
    </package>
    <package name="TonyBogdanov\MockableAnnotations\MockProvider\PropertyMockProvider\Strategy">
      <file name="/Users/runner/runners/2.169.1/work/mockable-annotations/mockable-annotations/src/MockProvider/PropertyMockProvider/Strategy/MergeStrategy.php">
        <class name="TonyBogdanov\MockableAnnotations\MockProvider\PropertyMockProvider\Strategy\MergeStrategy" namespace="TonyBogdanov\MockableAnnotations\MockProvider\PropertyMockProvider\Strategy" fullPackage="TonyBogdanov" package="TonyBogdanov">
          <metrics complexity="1" methods="1" coveredmethods="1" conditionals="0" coveredconditionals="0" statements="1" coveredstatements="1" elements="2" coveredelements="2"/>
        </class>
        <line num="28" type="method" name="mock" visibility="public" complexity="1" crap="1" count="2"/>
        <line num="30" type="stmt" count="2"/>
        <metrics loc="34" ncloc="16" classes="1" methods="1" coveredmethods="1" conditionals="0" coveredconditionals="0" statements="1" coveredstatements="1" elements="2" coveredelements="2"/>
      </file>
      <file name="/Users/runner/runners/2.169.1/work/mockable-annotations/mockable-annotations/src/MockProvider/PropertyMockProvider/Strategy/OverrideStrategy.php">
        <class name="TonyBogdanov\MockableAnnotations\MockProvider\PropertyMockProvider\Strategy\OverrideStrategy" namespace="TonyBogdanov\MockableAnnotations\MockProvider\PropertyMockProvider\Strategy" fullPackage="TonyBogdanov" package="TonyBogdanov">
          <metrics complexity="1" methods="1" coveredmethods="1" conditionals="0" coveredconditionals="0" statements="1" coveredstatements="1" elements="2" coveredelements="2"/>
        </class>
        <line num="28" type="method" name="mock" visibility="public" complexity="1" crap="1" count="5"/>
        <line num="30" type="stmt" count="5"/>
        <metrics loc="34" ncloc="16" classes="1" methods="1" coveredmethods="1" conditionals="0" coveredconditionals="0" statements="1" coveredstatements="1" elements="2" coveredelements="2"/>
      </file>
    </package>
    <file name="/Users/runner/runners/2.169.1/work/mockable-annotations/mockable-annotations/src/MockProvider/PropertyMockProvider/Strategy/StrategyInterface.php">
      <metrics loc="30" ncloc="12" classes="0" methods="0" coveredmethods="0" conditionals="0" coveredconditionals="0" statements="0" coveredstatements="0" elements="0" coveredelements="0"/>
    </file>
    <file name="/Users/runner/runners/2.169.1/work/mockable-annotations/mockable-annotations/src/MockProvider/PropertyMockProviderInterface.php">
      <metrics loc="29" ncloc="12" classes="0" methods="0" coveredmethods="0" conditionals="0" coveredconditionals="0" statements="0" coveredstatements="0" elements="0" coveredelements="0"/>
    </file>
    <file name="/Users/runner/runners/2.169.1/work/mockable-annotations/mockable-annotations/src/MockProvider/SortableMockProviderInterface.php">
      <metrics loc="24" ncloc="10" classes="0" methods="0" coveredmethods="0" conditionals="0" coveredconditionals="0" statements="0" coveredstatements="0" elements="0" coveredelements="0"/>
    </file>
    <package name="TonyBogdanov\MockableAnnotations\Reader">
      <file name="/Users/runner/runners/2.169.1/work/mockable-annotations/mockable-annotations/src/Reader/MockableReader.php">
        <class name="TonyBogdanov\MockableAnnotations\Reader\MockableReader" namespace="TonyBogdanov\MockableAnnotations\Reader" fullPackage="TonyBogdanov" package="TonyBogdanov">
          <metrics complexity="61" methods="35" coveredmethods="35" conditionals="0" coveredconditionals="0" statements="149" coveredstatements="149" elements="184" coveredelements="184"/>
        </class>
        <line num="66" type="method" name="__construct" visibility="public" complexity="1" crap="1" count="30"/>
        <line num="68" type="stmt" count="30"/>
        <line num="70" type="stmt" count="30"/>
        <line num="79" type="method" name="overrideClassAnnotations" visibility="public" complexity="1" crap="1" count="3"/>
        <line num="81" type="stmt" count="3"/>
        <line num="83" type="stmt" count="3"/>
        <line num="84" type="stmt" count="3"/>
        <line num="85" type="stmt" count="3"/>
        <line num="100" type="method" name="overrideAliasClassAnnotations" visibility="public" complexity="1" crap="1" count="2"/>
        <line num="102" type="stmt" count="2"/>
        <line num="104" type="stmt" count="2"/>
        <line num="105" type="stmt" count="2"/>
        <line num="119" type="method" name="mergeClassAnnotations" visibility="public" complexity="1" crap="1" count="3"/>
        <line num="121" type="stmt" count="3"/>
        <line num="123" type="stmt" count="3"/>
        <line num="124" type="stmt" count="3"/>
        <line num="125" type="stmt" count="3"/>
        <line num="140" type="method" name="mergeAliasClassAnnotations" visibility="public" complexity="1" crap="1" count="2"/>
        <line num="142" type="stmt" count="2"/>
        <line num="144" type="stmt" count="2"/>
        <line num="145" type="stmt" count="2"/>
        <line num="160" type="method" name="overrideMethodAnnotations" visibility="public" complexity="1" crap="1" count="3"/>
        <line num="169" type="stmt" count="3"/>
        <line num="171" type="stmt" count="3"/>
        <line num="172" type="stmt" count="3"/>
        <line num="173" type="stmt" count="3"/>
        <line num="190" type="method" name="overrideAliasMethodAnnotations" visibility="public" complexity="1" crap="1" count="2"/>
        <line num="200" type="stmt" count="2"/>
        <line num="202" type="stmt" count="2"/>
        <line num="204" type="stmt" count="2"/>
        <line num="219" type="method" name="mergeMethodAnnotations" visibility="public" complexity="1" crap="1" count="3"/>
        <line num="228" type="stmt" count="3"/>
        <line num="230" type="stmt" count="3"/>
        <line num="231" type="stmt" count="3"/>
        <line num="232" type="stmt" count="3"/>
        <line num="249" type="method" name="mergeAliasMethodAnnotations" visibility="public" complexity="1" crap="1" count="2"/>
        <line num="259" type="stmt" count="2"/>
        <line num="261" type="stmt" count="2"/>
        <line num="263" type="stmt" count="2"/>
        <line num="278" type="method" name="overridePropertyAnnotations" visibility="public" complexity="1" crap="1" count="3"/>
        <line num="287" type="stmt" count="3"/>
        <line num="289" type="stmt" count="3"/>
        <line num="290" type="stmt" count="3"/>
        <line num="291" type="stmt" count="3"/>
        <line num="308" type="method" name="overrideAliasPropertyAnnotations" visibility="public" complexity="1" crap="1" count="2"/>
        <line num="318" type="stmt" count="2"/>
        <line num="320" type="stmt" count="2"/>
        <line num="322" type="stmt" count="2"/>
        <line num="337" type="method" name="mergePropertyAnnotations" visibility="public" complexity="1" crap="1" count="3"/>
        <line num="346" type="stmt" count="3"/>
        <line num="348" type="stmt" count="3"/>
        <line num="349" type="stmt" count="3"/>
        <line num="350" type="stmt" count="3"/>
        <line num="367" type="method" name="mergeAliasPropertyAnnotations" visibility="public" complexity="1" crap="1" count="2"/>
        <line num="377" type="stmt" count="2"/>
        <line num="379" type="stmt" count="2"/>
        <line num="381" type="stmt" count="2"/>
        <line num="396" type="method" name="overrideAliasAnnotations" visibility="public" complexity="5" crap="5" count="1"/>
        <line num="398" type="stmt" count="1"/>
        <line num="400" type="stmt" count="1"/>
        <line num="401" type="stmt" count="1"/>
        <line num="403" type="stmt" count="1"/>
        <line num="405" type="stmt" count="1"/>
        <line num="407" type="stmt" count="1"/>
        <line num="411" type="stmt" count="1"/>
        <line num="413" type="stmt" count="1"/>
        <line num="414" type="stmt" count="1"/>
        <line num="416" type="stmt" count="1"/>
        <line num="423" type="stmt" count="1"/>
        <line num="425" type="stmt" count="1"/>
        <line num="427" type="stmt" count="1"/>
        <line num="431" type="stmt" count="1"/>
        <line num="433" type="stmt" count="1"/>
        <line num="434" type="stmt" count="1"/>
        <line num="436" type="stmt" count="1"/>
        <line num="443" type="stmt" count="1"/>
        <line num="455" type="method" name="mergeAliasAnnotations" visibility="public" complexity="5" crap="5" count="1"/>
        <line num="457" type="stmt" count="1"/>
        <line num="459" type="stmt" count="1"/>
        <line num="460" type="stmt" count="1"/>
        <line num="462" type="stmt" count="1"/>
        <line num="464" type="stmt" count="1"/>
        <line num="466" type="stmt" count="1"/>
        <line num="470" type="stmt" count="1"/>
        <line num="472" type="stmt" count="1"/>
        <line num="473" type="stmt" count="1"/>
        <line num="475" type="stmt" count="1"/>
        <line num="482" type="stmt" count="1"/>
        <line num="484" type="stmt" count="1"/>
        <line num="486" type="stmt" count="1"/>
        <line num="490" type="stmt" count="1"/>
        <line num="492" type="stmt" count="1"/>
        <line num="493" type="stmt" count="1"/>
        <line num="495" type="stmt" count="1"/>
        <line num="502" type="stmt" count="1"/>
        <line num="511" type="method" name="getClassAnnotations" visibility="public" complexity="2" crap="2" count="7"/>
        <line num="513" type="stmt" count="7"/>
        <line num="515" type="stmt" count="7"/>
        <line num="517" type="stmt" count="3"/>
        <line num="521" type="stmt" count="7"/>
        <line num="531" type="method" name="getClassAnnotation" visibility="public" complexity="3" crap="3" count="3"/>
        <line num="533" type="stmt" count="3"/>
        <line num="535" type="stmt" count="3"/>
        <line num="537" type="stmt" count="2"/>
        <line num="543" type="stmt" count="1"/>
        <line num="552" type="method" name="getMethodAnnotations" visibility="public" complexity="2" crap="2" count="7"/>
        <line num="554" type="stmt" count="7"/>
        <line num="556" type="stmt" count="7"/>
        <line num="558" type="stmt" count="3"/>
        <line num="562" type="stmt" count="7"/>
        <line num="572" type="method" name="getMethodAnnotation" visibility="public" complexity="3" crap="3" count="3"/>
        <line num="574" type="stmt" count="3"/>
        <line num="576" type="stmt" count="3"/>
        <line num="578" type="stmt" count="2"/>
        <line num="584" type="stmt" count="1"/>
        <line num="593" type="method" name="getPropertyAnnotations" visibility="public" complexity="2" crap="2" count="7"/>
        <line num="595" type="stmt" count="7"/>
        <line num="597" type="stmt" count="7"/>
        <line num="599" type="stmt" count="3"/>
        <line num="603" type="stmt" count="7"/>
        <line num="613" type="method" name="getPropertyAnnotation" visibility="public" complexity="3" crap="3" count="3"/>
        <line num="615" type="stmt" count="3"/>
        <line num="617" type="stmt" count="3"/>
        <line num="619" type="stmt" count="2"/>
        <line num="625" type="stmt" count="1"/>
        <line num="632" type="method" name="getDelegate" visibility="public" complexity="1" crap="1" count="18"/>
        <line num="634" type="stmt" count="18"/>
        <line num="643" type="method" name="setDelegate" visibility="public" complexity="1" crap="1" count="30"/>
        <line num="645" type="stmt" count="30"/>
        <line num="646" type="stmt" count="30"/>
        <line num="653" type="method" name="clearClassMockProviders" visibility="public" complexity="1" crap="1" count="1"/>
        <line num="655" type="stmt" count="1"/>
        <line num="656" type="stmt" count="1"/>
        <line num="665" type="method" name="addClassMockProvider" visibility="public" complexity="3" crap="3" count="9"/>
        <line num="667" type="stmt" count="9"/>
        <line num="669" type="stmt" count="9"/>
        <line num="671" type="stmt" count="9"/>
        <line num="675" type="stmt" count="2"/>
        <line num="676" type="stmt" count="2"/>
        <line num="678" type="stmt" count="9"/>
        <line num="682" type="stmt" count="9"/>
        <line num="689" type="method" name="getClassMockProviders" visibility="public" complexity="1" crap="1" count="11"/>
        <line num="691" type="stmt" count="11"/>
        <line num="700" type="method" name="setClassMockProviders" visibility="public" complexity="2" crap="2" count="1"/>
        <line num="702" type="stmt" count="1"/>
        <line num="704" type="stmt" count="1"/>
        <line num="706" type="stmt" count="1"/>
        <line num="710" type="stmt" count="1"/>
        <line num="717" type="method" name="clearMethodMockProviders" visibility="public" complexity="1" crap="1" count="1"/>
        <line num="719" type="stmt" count="1"/>
        <line num="720" type="stmt" count="1"/>
        <line num="729" type="method" name="addMethodMockProvider" visibility="public" complexity="3" crap="3" count="9"/>
        <line num="731" type="stmt" count="9"/>
        <line num="733" type="stmt" count="9"/>
        <line num="735" type="stmt" count="9"/>
        <line num="739" type="stmt" count="2"/>
        <line num="740" type="stmt" count="2"/>
        <line num="742" type="stmt" count="9"/>
        <line num="746" type="stmt" count="9"/>
        <line num="753" type="method" name="getMethodMockProviders" visibility="public" complexity="1" crap="1" count="11"/>
        <line num="755" type="stmt" count="11"/>
        <line num="764" type="method" name="setMethodMockProviders" visibility="public" complexity="2" crap="2" count="1"/>
        <line num="766" type="stmt" count="1"/>
        <line num="768" type="stmt" count="1"/>
        <line num="770" type="stmt" count="1"/>
        <line num="774" type="stmt" count="1"/>
        <line num="781" type="method" name="clearPropertyMockProviders" visibility="public" complexity="1" crap="1" count="1"/>
        <line num="783" type="stmt" count="1"/>
        <line num="784" type="stmt" count="1"/>
        <line num="793" type="method" name="addPropertyMockProvider" visibility="public" complexity="3" crap="3" count="9"/>
        <line num="795" type="stmt" count="9"/>
        <line num="797" type="stmt" count="9"/>
        <line num="799" type="stmt" count="9"/>
        <line num="803" type="stmt" count="2"/>
        <line num="804" type="stmt" count="2"/>
        <line num="806" type="stmt" count="9"/>
        <line num="810" type="stmt" count="9"/>
        <line num="817" type="method" name="getPropertyMockProviders" visibility="public" complexity="1" crap="1" count="11"/>
        <line num="819" type="stmt" count="11"/>
        <line num="828" type="method" name="setPropertyMockProviders" visibility="public" complexity="2" crap="2" count="1"/>
        <line num="830" type="stmt" count="1"/>
        <line num="832" type="stmt" count="1"/>
        <line num="834" type="stmt" count="1"/>
        <line num="838" type="stmt" count="1"/>
        <metrics loc="842" ncloc="607" classes="1" methods="35" coveredmethods="35" conditionals="0" coveredconditionals="0" statements="149" coveredstatements="149" elements="184" coveredelements="184"/>
      </file>
    </package>
    <metrics files="23" loc="2183" ncloc="1319" classes="13" methods="92" coveredmethods="92" conditionals="0" coveredconditionals="0" statements="252" coveredstatements="252" elements="344" coveredelements="344"/>
  </project>
</coverage>
