<?xml version="1.0" encoding="UTF-8"?>
<coverage generated="1589375577">
  <project timestamp="1589375577">
    <package name="TonyBogdanov\MockableAnnotations\MockProvider">
      <file name="/home/runner/work/mockable-annotations/mockable-annotations/src/MockProvider/ClassMockProvider.php">
        <class name="TonyBogdanov\MockableAnnotations\MockProvider\ClassMockProvider" namespace="TonyBogdanov\MockableAnnotations\MockProvider" fullPackage="TonyBogdanov" package="TonyBogdanov">
          <metrics complexity="14" methods="11" coveredmethods="11" conditionals="0" coveredconditionals="0" statements="21" coveredstatements="21" elements="32" coveredelements="32"/>
        </class>
        <line num="54" type="method" name="__construct" visibility="public" complexity="1" crap="1" count="18"/>
        <line num="64" type="stmt" count="18"/>
        <line num="65" type="stmt" count="18"/>
        <line num="66" type="stmt" count="18"/>
        <line num="67" type="stmt" count="18"/>
        <line num="69" type="stmt" count="18"/>
        <line num="77" type="method" name="mockClassAnnotations" visibility="public" complexity="3" crap="3" count="6"/>
        <line num="79" type="stmt" count="6"/>
        <line num="81" type="stmt" count="1"/>
        <line num="85" type="stmt" count="5"/>
        <line num="92" type="method" name="getAnnotations" visibility="public" complexity="1" crap="1" count="6"/>
        <line num="94" type="stmt" count="6"/>
        <line num="103" type="method" name="setAnnotations" visibility="public" complexity="1" crap="1" count="18"/>
        <line num="105" type="stmt" count="18"/>
        <line num="106" type="stmt" count="18"/>
        <line num="113" type="method" name="getStrategy" visibility="public" complexity="1" crap="1" count="6"/>
        <line num="115" type="stmt" count="6"/>
        <line num="124" type="method" name="setStrategy" visibility="public" complexity="1" crap="1" count="18"/>
        <line num="126" type="stmt" count="18"/>
        <line num="127" type="stmt" count="18"/>
        <line num="134" type="method" name="hasFilter" visibility="public" complexity="1" crap="1" count="7"/>
        <line num="136" type="stmt" count="7"/>
        <line num="143" type="method" name="getFilter" visibility="public" complexity="2" crap="2" count="5"/>
        <line num="145" type="stmt" count="5"/>
        <line num="154" type="method" name="setFilter" visibility="public" complexity="1" crap="1" count="18"/>
        <line num="156" type="stmt" count="18"/>
        <line num="157" type="stmt" count="18"/>
        <line num="164" type="method" name="getPriority" visibility="public" complexity="1" crap="1" count="3"/>
        <line num="166" type="stmt" count="3"/>
        <line num="175" type="method" name="setPriority" visibility="public" complexity="1" crap="1" count="18"/>
        <line num="177" type="stmt" count="18"/>
        <line num="178" type="stmt" count="18"/>
        <metrics loc="182" ncloc="110" classes="1" methods="11" coveredmethods="11" conditionals="0" coveredconditionals="0" statements="21" coveredstatements="21" elements="32" coveredelements="32"/>
      </file>
      <file name="/home/runner/work/mockable-annotations/mockable-annotations/src/MockProvider/MethodMockProvider.php">
        <class name="TonyBogdanov\MockableAnnotations\MockProvider\MethodMockProvider" namespace="TonyBogdanov\MockableAnnotations\MockProvider" fullPackage="TonyBogdanov" package="TonyBogdanov">
          <metrics complexity="14" methods="11" coveredmethods="11" conditionals="0" coveredconditionals="0" statements="21" coveredstatements="21" elements="32" coveredelements="32"/>
        </class>
        <line num="54" type="method" name="__construct" visibility="public" complexity="1" crap="1" count="18"/>
        <line num="64" type="stmt" count="18"/>
        <line num="65" type="stmt" count="18"/>
        <line num="66" type="stmt" count="18"/>
        <line num="67" type="stmt" count="18"/>
        <line num="69" type="stmt" count="18"/>
        <line num="77" type="method" name="mockMethodAnnotations" visibility="public" complexity="3" crap="3" count="6"/>
        <line num="79" type="stmt" count="6"/>
        <line num="81" type="stmt" count="1"/>
        <line num="85" type="stmt" count="5"/>
        <line num="92" type="method" name="getAnnotations" visibility="public" complexity="1" crap="1" count="6"/>
        <line num="94" type="stmt" count="6"/>
        <line num="103" type="method" name="setAnnotations" visibility="public" complexity="1" crap="1" count="18"/>
        <line num="105" type="stmt" count="18"/>
        <line num="106" type="stmt" count="18"/>
        <line num="113" type="method" name="getStrategy" visibility="public" complexity="1" crap="1" count="6"/>
        <line num="115" type="stmt" count="6"/>
        <line num="124" type="method" name="setStrategy" visibility="public" complexity="1" crap="1" count="18"/>
        <line num="126" type="stmt" count="18"/>
        <line num="127" type="stmt" count="18"/>
        <line num="134" type="method" name="hasFilter" visibility="public" complexity="1" crap="1" count="7"/>
        <line num="136" type="stmt" count="7"/>
        <line num="143" type="method" name="getFilter" visibility="public" complexity="2" crap="2" count="5"/>
        <line num="145" type="stmt" count="5"/>
        <line num="154" type="method" name="setFilter" visibility="public" complexity="1" crap="1" count="18"/>
        <line num="156" type="stmt" count="18"/>
        <line num="157" type="stmt" count="18"/>
        <line num="164" type="method" name="getPriority" visibility="public" complexity="1" crap="1" count="3"/>
        <line num="166" type="stmt" count="3"/>
        <line num="175" type="method" name="setPriority" visibility="public" complexity="1" crap="1" count="18"/>
        <line num="177" type="stmt" count="18"/>
        <line num="178" type="stmt" count="18"/>
        <metrics loc="182" ncloc="110" classes="1" methods="11" coveredmethods="11" conditionals="0" coveredconditionals="0" statements="21" coveredstatements="21" elements="32" coveredelements="32"/>
      </file>
      <file name="/home/runner/work/mockable-annotations/mockable-annotations/src/MockProvider/PropertyMockProvider.php">
        <class name="TonyBogdanov\MockableAnnotations\MockProvider\PropertyMockProvider" namespace="TonyBogdanov\MockableAnnotations\MockProvider" fullPackage="TonyBogdanov" package="TonyBogdanov">
          <metrics complexity="14" methods="11" coveredmethods="11" conditionals="0" coveredconditionals="0" statements="21" coveredstatements="21" elements="32" coveredelements="32"/>
        </class>
        <line num="54" type="method" name="__construct" visibility="public" complexity="1" crap="1" count="18"/>
        <line num="64" type="stmt" count="18"/>
        <line num="65" type="stmt" count="18"/>
        <line num="66" type="stmt" count="18"/>
        <line num="67" type="stmt" count="18"/>
        <line num="69" type="stmt" count="18"/>
        <line num="77" type="method" name="mockPropertyAnnotations" visibility="public" complexity="3" crap="3" count="6"/>
        <line num="79" type="stmt" count="6"/>
        <line num="81" type="stmt" count="1"/>
        <line num="85" type="stmt" count="5"/>
        <line num="92" type="method" name="getAnnotations" visibility="public" complexity="1" crap="1" count="6"/>
        <line num="94" type="stmt" count="6"/>
        <line num="103" type="method" name="setAnnotations" visibility="public" complexity="1" crap="1" count="18"/>
        <line num="105" type="stmt" count="18"/>
        <line num="106" type="stmt" count="18"/>
        <line num="113" type="method" name="getStrategy" visibility="public" complexity="1" crap="1" count="6"/>
        <line num="115" type="stmt" count="6"/>
        <line num="124" type="method" name="setStrategy" visibility="public" complexity="1" crap="1" count="18"/>
        <line num="126" type="stmt" count="18"/>
        <line num="127" type="stmt" count="18"/>
        <line num="134" type="method" name="hasFilter" visibility="public" complexity="1" crap="1" count="7"/>
        <line num="136" type="stmt" count="7"/>
        <line num="143" type="method" name="getFilter" visibility="public" complexity="2" crap="2" count="5"/>
        <line num="145" type="stmt" count="5"/>
        <line num="154" type="method" name="setFilter" visibility="public" complexity="1" crap="1" count="18"/>
        <line num="156" type="stmt" count="18"/>
        <line num="157" type="stmt" count="18"/>
        <line num="164" type="method" name="getPriority" visibility="public" complexity="1" crap="1" count="3"/>
        <line num="166" type="stmt" count="3"/>
        <line num="175" type="method" name="setPriority" visibility="public" complexity="1" crap="1" count="18"/>
        <line num="177" type="stmt" count="18"/>
        <line num="178" type="stmt" count="18"/>
        <metrics loc="182" ncloc="110" classes="1" methods="11" coveredmethods="11" conditionals="0" coveredconditionals="0" statements="21" coveredstatements="21" elements="32" coveredelements="32"/>
      </file>
    </package>
    <package name="TonyBogdanov\MockableAnnotations\MockProvider\ClassMockProvider\Filter">
      <file name="/home/runner/work/mockable-annotations/mockable-annotations/src/MockProvider/ClassMockProvider/Filter/ClassNameFilter.php">
        <class name="TonyBogdanov\MockableAnnotations\MockProvider\ClassMockProvider\Filter\ClassNameFilter" namespace="TonyBogdanov\MockableAnnotations\MockProvider\ClassMockProvider\Filter" fullPackage="TonyBogdanov" package="TonyBogdanov">
          <metrics complexity="7" methods="6" coveredmethods="6" conditionals="0" coveredconditionals="0" statements="12" coveredstatements="12" elements="18" coveredelements="18"/>
        </class>
        <line num="37" type="method" name="__construct" visibility="public" complexity="1" crap="1" count="15"/>
        <line num="40" type="stmt" count="15"/>
        <line num="41" type="stmt" count="15"/>
        <line num="43" type="stmt" count="15"/>
        <line num="51" type="method" name="shouldMock" visibility="public" complexity="2" crap="2" count="6"/>
        <line num="53" type="stmt" count="6"/>
        <line num="54" type="stmt" count="1"/>
        <line num="55" type="stmt" count="6"/>
        <line num="62" type="method" name="getClassName" visibility="public" complexity="1" crap="1" count="7"/>
        <line num="64" type="stmt" count="7"/>
        <line num="73" type="method" name="setClassName" visibility="public" complexity="1" crap="1" count="15"/>
        <line num="75" type="stmt" count="15"/>
        <line num="76" type="stmt" count="15"/>
        <line num="83" type="method" name="isStrict" visibility="public" complexity="1" crap="1" count="7"/>
        <line num="85" type="stmt" count="7"/>
        <line num="94" type="method" name="setStrict" visibility="public" complexity="1" crap="1" count="15"/>
        <line num="96" type="stmt" count="15"/>
        <line num="97" type="stmt" count="15"/>
        <metrics loc="101" ncloc="56" classes="1" methods="6" coveredmethods="6" conditionals="0" coveredconditionals="0" statements="12" coveredstatements="12" elements="18" coveredelements="18"/>
      </file>
    </package>
    <file name="/home/runner/work/mockable-annotations/mockable-annotations/src/MockProvider/ClassMockProvider/Filter/FilterInterface.php">
      <metrics loc="29" ncloc="12" classes="0" methods="0" coveredmethods="0" conditionals="0" coveredconditionals="0" statements="0" coveredstatements="0" elements="0" coveredelements="0"/>
    </file>
    <package name="TonyBogdanov\MockableAnnotations\MockProvider\ClassMockProvider\Strategy">
      <file name="/home/runner/work/mockable-annotations/mockable-annotations/src/MockProvider/ClassMockProvider/Strategy/MergeStrategy.php">
        <class name="TonyBogdanov\MockableAnnotations\MockProvider\ClassMockProvider\Strategy\MergeStrategy" namespace="TonyBogdanov\MockableAnnotations\MockProvider\ClassMockProvider\Strategy" fullPackage="TonyBogdanov" package="TonyBogdanov">
          <metrics complexity="1" methods="1" coveredmethods="1" conditionals="0" coveredconditionals="0" statements="1" coveredstatements="1" elements="2" coveredelements="2"/>
        </class>
        <line num="28" type="method" name="mock" visibility="public" complexity="1" crap="1" count="2"/>
        <line num="30" type="stmt" count="2"/>
        <metrics loc="34" ncloc="16" classes="1" methods="1" coveredmethods="1" conditionals="0" coveredconditionals="0" statements="1" coveredstatements="1" elements="2" coveredelements="2"/>
      </file>
      <file name="/home/runner/work/mockable-annotations/mockable-annotations/src/MockProvider/ClassMockProvider/Strategy/OverrideStrategy.php">
        <class name="TonyBogdanov\MockableAnnotations\MockProvider\ClassMockProvider\Strategy\OverrideStrategy" namespace="TonyBogdanov\MockableAnnotations\MockProvider\ClassMockProvider\Strategy" fullPackage="TonyBogdanov" package="TonyBogdanov">
          <metrics complexity="1" methods="1" coveredmethods="1" conditionals="0" coveredconditionals="0" statements="1" coveredstatements="1" elements="2" coveredelements="2"/>
        </class>
        <line num="28" type="method" name="mock" visibility="public" complexity="1" crap="1" count="5"/>
        <line num="30" type="stmt" count="5"/>
        <metrics loc="34" ncloc="16" classes="1" methods="1" coveredmethods="1" conditionals="0" coveredconditionals="0" statements="1" coveredstatements="1" elements="2" coveredelements="2"/>
      </file>
    </package>
    <file name="/home/runner/work/mockable-annotations/mockable-annotations/src/MockProvider/ClassMockProvider/Strategy/StrategyInterface.php">
      <metrics loc="30" ncloc="12" classes="0" methods="0" coveredmethods="0" conditionals="0" coveredconditionals="0" statements="0" coveredstatements="0" elements="0" coveredelements="0"/>
    </file>
    <file name="/home/runner/work/mockable-annotations/mockable-annotations/src/MockProvider/ClassMockProviderInterface.php">
      <metrics loc="29" ncloc="12" classes="0" methods="0" coveredmethods="0" conditionals="0" coveredconditionals="0" statements="0" coveredstatements="0" elements="0" coveredelements="0"/>
    </file>
    <file name="/home/runner/work/mockable-annotations/mockable-annotations/src/MockProvider/MethodMockProvider/Filter/FilterInterface.php">
      <metrics loc="29" ncloc="12" classes="0" methods="0" coveredmethods="0" conditionals="0" coveredconditionals="0" statements="0" coveredstatements="0" elements="0" coveredelements="0"/>
    </file>
    <package name="TonyBogdanov\MockableAnnotations\MockProvider\MethodMockProvider\Filter">
      <file name="/home/runner/work/mockable-annotations/mockable-annotations/src/MockProvider/MethodMockProvider/Filter/MethodNameFilter.php">
        <class name="TonyBogdanov\MockableAnnotations\MockProvider\MethodMockProvider\Filter\MethodNameFilter" namespace="TonyBogdanov\MockableAnnotations\MockProvider\MethodMockProvider\Filter" fullPackage="TonyBogdanov" package="TonyBogdanov">
          <metrics complexity="7" methods="6" coveredmethods="6" conditionals="0" coveredconditionals="0" statements="11" coveredstatements="11" elements="17" coveredelements="17"/>
        </class>
        <line num="37" type="method" name="__construct" visibility="public" complexity="1" crap="1" count="14"/>
        <line num="40" type="stmt" count="14"/>
        <line num="41" type="stmt" count="14"/>
        <line num="43" type="stmt" count="14"/>
        <line num="51" type="method" name="shouldMock" visibility="public" complexity="2" crap="2" count="5"/>
        <line num="54" type="stmt" count="5"/>
        <line num="55" type="stmt" count="5"/>
        <line num="62" type="method" name="getClassName" visibility="public" complexity="1" crap="1" count="6"/>
        <line num="64" type="stmt" count="6"/>
        <line num="73" type="method" name="setClassName" visibility="public" complexity="1" crap="1" count="14"/>
        <line num="75" type="stmt" count="14"/>
        <line num="76" type="stmt" count="14"/>
        <line num="83" type="method" name="getMethodName" visibility="public" complexity="1" crap="1" count="5"/>
        <line num="85" type="stmt" count="5"/>
        <line num="94" type="method" name="setMethodName" visibility="public" complexity="1" crap="1" count="14"/>
        <line num="96" type="stmt" count="14"/>
        <line num="97" type="stmt" count="14"/>
        <metrics loc="101" ncloc="56" classes="1" methods="6" coveredmethods="6" conditionals="0" coveredconditionals="0" statements="11" coveredstatements="11" elements="17" coveredelements="17"/>
      </file>
    </package>
    <package name="TonyBogdanov\MockableAnnotations\MockProvider\MethodMockProvider\Strategy">
      <file name="/home/runner/work/mockable-annotations/mockable-annotations/src/MockProvider/MethodMockProvider/Strategy/MergeStrategy.php">
        <class name="TonyBogdanov\MockableAnnotations\MockProvider\MethodMockProvider\Strategy\MergeStrategy" namespace="TonyBogdanov\MockableAnnotations\MockProvider\MethodMockProvider\Strategy" fullPackage="TonyBogdanov" package="TonyBogdanov">
          <metrics complexity="1" methods="1" coveredmethods="1" conditionals="0" coveredconditionals="0" statements="1" coveredstatements="1" elements="2" coveredelements="2"/>
        </class>
        <line num="28" type="method" name="mock" visibility="public" complexity="1" crap="1" count="2"/>
        <line num="30" type="stmt" count="2"/>
        <metrics loc="34" ncloc="16" classes="1" methods="1" coveredmethods="1" conditionals="0" coveredconditionals="0" statements="1" coveredstatements="1" elements="2" coveredelements="2"/>
      </file>
      <file name="/home/runner/work/mockable-annotations/mockable-annotations/src/MockProvider/MethodMockProvider/Strategy/OverrideStrategy.php">
        <class name="TonyBogdanov\MockableAnnotations\MockProvider\MethodMockProvider\Strategy\OverrideStrategy" namespace="TonyBogdanov\MockableAnnotations\MockProvider\MethodMockProvider\Strategy" fullPackage="TonyBogdanov" package="TonyBogdanov">
          <metrics complexity="1" methods="1" coveredmethods="1" conditionals="0" coveredconditionals="0" statements="1" coveredstatements="1" elements="2" coveredelements="2"/>
        </class>
        <line num="28" type="method" name="mock" visibility="public" complexity="1" crap="1" count="5"/>
        <line num="30" type="stmt" count="5"/>
        <metrics loc="34" ncloc="16" classes="1" methods="1" coveredmethods="1" conditionals="0" coveredconditionals="0" statements="1" coveredstatements="1" elements="2" coveredelements="2"/>
      </file>
    </package>
    <file name="/home/runner/work/mockable-annotations/mockable-annotations/src/MockProvider/MethodMockProvider/Strategy/StrategyInterface.php">
      <metrics loc="30" ncloc="12" classes="0" methods="0" coveredmethods="0" conditionals="0" coveredconditionals="0" statements="0" coveredstatements="0" elements="0" coveredelements="0"/>
    </file>
    <file name="/home/runner/work/mockable-annotations/mockable-annotations/src/MockProvider/MethodMockProviderInterface.php">
      <metrics loc="29" ncloc="12" classes="0" methods="0" coveredmethods="0" conditionals="0" coveredconditionals="0" statements="0" coveredstatements="0" elements="0" coveredelements="0"/>
    </file>
    <file name="/home/runner/work/mockable-annotations/mockable-annotations/src/MockProvider/PropertyMockProvider/Filter/FilterInterface.php">
      <metrics loc="29" ncloc="12" classes="0" methods="0" coveredmethods="0" conditionals="0" coveredconditionals="0" statements="0" coveredstatements="0" elements="0" coveredelements="0"/>
    </file>
    <package name="TonyBogdanov\MockableAnnotations\MockProvider\PropertyMockProvider\Filter">
      <file name="/home/runner/work/mockable-annotations/mockable-annotations/src/MockProvider/PropertyMockProvider/Filter/PropertyNameFilter.php">
        <class name="TonyBogdanov\MockableAnnotations\MockProvider\PropertyMockProvider\Filter\PropertyNameFilter" namespace="TonyBogdanov\MockableAnnotations\MockProvider\PropertyMockProvider\Filter" fullPackage="TonyBogdanov" package="TonyBogdanov">
          <metrics complexity="7" methods="6" coveredmethods="6" conditionals="0" coveredconditionals="0" statements="11" coveredstatements="11" elements="17" coveredelements="17"/>
        </class>
        <line num="37" type="method" name="__construct" visibility="public" complexity="1" crap="1" count="14"/>
        <line num="40" type="stmt" count="14"/>
        <line num="41" type="stmt" count="14"/>
        <line num="43" type="stmt" count="14"/>
        <line num="51" type="method" name="shouldMock" visibility="public" complexity="2" crap="2" count="5"/>
        <line num="54" type="stmt" count="5"/>
        <line num="55" type="stmt" count="5"/>
        <line num="62" type="method" name="getClassName" visibility="public" complexity="1" crap="1" count="6"/>
        <line num="64" type="stmt" count="6"/>
        <line num="73" type="method" name="setClassName" visibility="public" complexity="1" crap="1" count="14"/>
        <line num="75" type="stmt" count="14"/>
        <line num="76" type="stmt" count="14"/>
        <line num="83" type="method" name="getPropertyName" visibility="public" complexity="1" crap="1" count="5"/>
        <line num="85" type="stmt" count="5"/>
        <line num="94" type="method" name="setPropertyName" visibility="public" complexity="1" crap="1" count="14"/>
        <line num="96" type="stmt" count="14"/>
        <line num="97" type="stmt" count="14"/>
        <metrics loc="101" ncloc="56" classes="1" methods="6" coveredmethods="6" conditionals="0" coveredconditionals="0" statements="11" coveredstatements="11" elements="17" coveredelements="17"/>
      </file>
    </package>
    <package name="TonyBogdanov\MockableAnnotations\MockProvider\PropertyMockProvider\Strategy">
      <file name="/home/runner/work/mockable-annotations/mockable-annotations/src/MockProvider/PropertyMockProvider/Strategy/MergeStrategy.php">
        <class name="TonyBogdanov\MockableAnnotations\MockProvider\PropertyMockProvider\Strategy\MergeStrategy" namespace="TonyBogdanov\MockableAnnotations\MockProvider\PropertyMockProvider\Strategy" fullPackage="TonyBogdanov" package="TonyBogdanov">
          <metrics complexity="1" methods="1" coveredmethods="1" conditionals="0" coveredconditionals="0" statements="1" coveredstatements="1" elements="2" coveredelements="2"/>
        </class>
        <line num="28" type="method" name="mock" visibility="public" complexity="1" crap="1" count="2"/>
        <line num="30" type="stmt" count="2"/>
        <metrics loc="34" ncloc="16" classes="1" methods="1" coveredmethods="1" conditionals="0" coveredconditionals="0" statements="1" coveredstatements="1" elements="2" coveredelements="2"/>
      </file>
      <file name="/home/runner/work/mockable-annotations/mockable-annotations/src/MockProvider/PropertyMockProvider/Strategy/OverrideStrategy.php">
        <class name="TonyBogdanov\MockableAnnotations\MockProvider\PropertyMockProvider\Strategy\OverrideStrategy" namespace="TonyBogdanov\MockableAnnotations\MockProvider\PropertyMockProvider\Strategy" fullPackage="TonyBogdanov" package="TonyBogdanov">
          <metrics complexity="1" methods="1" coveredmethods="1" conditionals="0" coveredconditionals="0" statements="1" coveredstatements="1" elements="2" coveredelements="2"/>
        </class>
        <line num="28" type="method" name="mock" visibility="public" complexity="1" crap="1" count="5"/>
        <line num="30" type="stmt" count="5"/>
        <metrics loc="34" ncloc="16" classes="1" methods="1" coveredmethods="1" conditionals="0" coveredconditionals="0" statements="1" coveredstatements="1" elements="2" coveredelements="2"/>
      </file>
    </package>
    <file name="/home/runner/work/mockable-annotations/mockable-annotations/src/MockProvider/PropertyMockProvider/Strategy/StrategyInterface.php">
      <metrics loc="30" ncloc="12" classes="0" methods="0" coveredmethods="0" conditionals="0" coveredconditionals="0" statements="0" coveredstatements="0" elements="0" coveredelements="0"/>
    </file>
    <file name="/home/runner/work/mockable-annotations/mockable-annotations/src/MockProvider/PropertyMockProviderInterface.php">
      <metrics loc="29" ncloc="12" classes="0" methods="0" coveredmethods="0" conditionals="0" coveredconditionals="0" statements="0" coveredstatements="0" elements="0" coveredelements="0"/>
    </file>
    <file name="/home/runner/work/mockable-annotations/mockable-annotations/src/MockProvider/SortableMockProviderInterface.php">
      <metrics loc="24" ncloc="10" classes="0" methods="0" coveredmethods="0" conditionals="0" coveredconditionals="0" statements="0" coveredstatements="0" elements="0" coveredelements="0"/>
    </file>
    <package name="TonyBogdanov\MockableAnnotations\Reader\Exceptions">
      <file name="/home/runner/work/mockable-annotations/mockable-annotations/src/Reader/Exceptions/StateException.php">
        <class name="TonyBogdanov\MockableAnnotations\Reader\Exceptions\StateException" namespace="TonyBogdanov\MockableAnnotations\Reader\Exceptions" fullPackage="TonyBogdanov" package="TonyBogdanov">
          <metrics complexity="2" methods="1" coveredmethods="1" conditionals="0" coveredconditionals="0" statements="6" coveredstatements="6" elements="7" coveredelements="7"/>
        </class>
        <line num="30" type="method" name="__construct" visibility="public" complexity="2" crap="2" count="2"/>
        <line num="32" type="stmt" count="2"/>
        <line num="36" type="stmt" count="2"/>
        <line num="37" type="stmt" count="2"/>
        <line num="38" type="stmt" count="2"/>
        <line num="42" type="stmt" count="2"/>
        <line num="44" type="stmt" count="2"/>
        <metrics loc="46" ncloc="29" classes="1" methods="1" coveredmethods="1" conditionals="0" coveredconditionals="0" statements="6" coveredstatements="6" elements="7" coveredelements="7"/>
      </file>
    </package>
    <package name="TonyBogdanov\MockableAnnotations\Reader">
      <file name="/home/runner/work/mockable-annotations/mockable-annotations/src/Reader/MockableReader.php">
        <class name="TonyBogdanov\MockableAnnotations\Reader\MockableReader" namespace="TonyBogdanov\MockableAnnotations\Reader" fullPackage="TonyBogdanov" package="TonyBogdanov">
          <metrics complexity="68" methods="40" coveredmethods="40" conditionals="0" coveredconditionals="0" statements="169" coveredstatements="169" elements="209" coveredelements="209"/>
        </class>
        <line num="74" type="method" name="__construct" visibility="public" complexity="1" crap="1" count="35"/>
        <line num="77" type="stmt" count="35"/>
        <line num="78" type="stmt" count="35"/>
        <line num="80" type="stmt" count="35"/>
        <line num="85" type="method" name="pushState" visibility="public" complexity="1" crap="1" count="2"/>
        <line num="87" type="stmt" count="2"/>
        <line num="89" type="stmt" count="2"/>
        <line num="90" type="stmt" count="2"/>
        <line num="91" type="stmt" count="2"/>
        <line num="95" type="stmt" count="2"/>
        <line num="103" type="method" name="popState" visibility="public" complexity="2" crap="2" count="2"/>
        <line num="107" type="stmt" count="2"/>
        <line num="109" type="stmt" count="1"/>
        <line num="111" type="stmt" count="1"/>
        <line num="115" type="stmt" count="1"/>
        <line num="123" type="method" name="restoreState" visibility="public" complexity="2" crap="2" count="2"/>
        <line num="129" type="stmt" count="1"/>
        <line num="130" type="stmt" count="1"/>
        <line num="131" type="stmt" count="1"/>
        <line num="133" type="stmt" count="2"/>
        <line num="135" type="stmt" count="1"/>
        <line num="137" type="stmt" count="1"/>
        <line num="141" type="stmt" count="1"/>
        <line num="152" type="method" name="overrideClassAnnotations" visibility="public" complexity="1" crap="1" count="5"/>
        <line num="154" type="stmt" count="5"/>
        <line num="156" type="stmt" count="5"/>
        <line num="157" type="stmt" count="5"/>
        <line num="158" type="stmt" count="5"/>
        <line num="173" type="method" name="overrideAliasClassAnnotations" visibility="public" complexity="1" crap="1" count="4"/>
        <line num="175" type="stmt" count="4"/>
        <line num="177" type="stmt" count="4"/>
        <line num="178" type="stmt" count="4"/>
        <line num="192" type="method" name="mergeClassAnnotations" visibility="public" complexity="1" crap="1" count="3"/>
        <line num="194" type="stmt" count="3"/>
        <line num="196" type="stmt" count="3"/>
        <line num="197" type="stmt" count="3"/>
        <line num="198" type="stmt" count="3"/>
        <line num="213" type="method" name="mergeAliasClassAnnotations" visibility="public" complexity="1" crap="1" count="2"/>
        <line num="215" type="stmt" count="2"/>
        <line num="217" type="stmt" count="2"/>
        <line num="218" type="stmt" count="2"/>
        <line num="233" type="method" name="overrideMethodAnnotations" visibility="public" complexity="1" crap="1" count="5"/>
        <line num="242" type="stmt" count="5"/>
        <line num="244" type="stmt" count="5"/>
        <line num="245" type="stmt" count="5"/>
        <line num="246" type="stmt" count="5"/>
        <line num="263" type="method" name="overrideAliasMethodAnnotations" visibility="public" complexity="1" crap="1" count="4"/>
        <line num="273" type="stmt" count="4"/>
        <line num="275" type="stmt" count="4"/>
        <line num="277" type="stmt" count="4"/>
        <line num="292" type="method" name="mergeMethodAnnotations" visibility="public" complexity="1" crap="1" count="3"/>
        <line num="301" type="stmt" count="3"/>
        <line num="303" type="stmt" count="3"/>
        <line num="304" type="stmt" count="3"/>
        <line num="305" type="stmt" count="3"/>
        <line num="322" type="method" name="mergeAliasMethodAnnotations" visibility="public" complexity="1" crap="1" count="2"/>
        <line num="332" type="stmt" count="2"/>
        <line num="334" type="stmt" count="2"/>
        <line num="336" type="stmt" count="2"/>
        <line num="351" type="method" name="overridePropertyAnnotations" visibility="public" complexity="1" crap="1" count="5"/>
        <line num="360" type="stmt" count="5"/>
        <line num="362" type="stmt" count="5"/>
        <line num="363" type="stmt" count="5"/>
        <line num="364" type="stmt" count="5"/>
        <line num="381" type="method" name="overrideAliasPropertyAnnotations" visibility="public" complexity="1" crap="1" count="4"/>
        <line num="391" type="stmt" count="4"/>
        <line num="393" type="stmt" count="4"/>
        <line num="395" type="stmt" count="4"/>
        <line num="410" type="method" name="mergePropertyAnnotations" visibility="public" complexity="1" crap="1" count="3"/>
        <line num="419" type="stmt" count="3"/>
        <line num="421" type="stmt" count="3"/>
        <line num="422" type="stmt" count="3"/>
        <line num="423" type="stmt" count="3"/>
        <line num="440" type="method" name="mergeAliasPropertyAnnotations" visibility="public" complexity="1" crap="1" count="2"/>
        <line num="450" type="stmt" count="2"/>
        <line num="452" type="stmt" count="2"/>
        <line num="454" type="stmt" count="2"/>
        <line num="469" type="method" name="overrideAliasAnnotations" visibility="public" complexity="5" crap="5" count="3"/>
        <line num="471" type="stmt" count="3"/>
        <line num="473" type="stmt" count="3"/>
        <line num="474" type="stmt" count="3"/>
        <line num="476" type="stmt" count="3"/>
        <line num="478" type="stmt" count="3"/>
        <line num="480" type="stmt" count="3"/>
        <line num="484" type="stmt" count="3"/>
        <line num="486" type="stmt" count="3"/>
        <line num="487" type="stmt" count="3"/>
        <line num="489" type="stmt" count="3"/>
        <line num="496" type="stmt" count="3"/>
        <line num="498" type="stmt" count="3"/>
        <line num="500" type="stmt" count="3"/>
        <line num="504" type="stmt" count="3"/>
        <line num="506" type="stmt" count="3"/>
        <line num="507" type="stmt" count="3"/>
        <line num="509" type="stmt" count="3"/>
        <line num="516" type="stmt" count="3"/>
        <line num="528" type="method" name="mergeAliasAnnotations" visibility="public" complexity="5" crap="5" count="1"/>
        <line num="530" type="stmt" count="1"/>
        <line num="532" type="stmt" count="1"/>
        <line num="533" type="stmt" count="1"/>
        <line num="535" type="stmt" count="1"/>
        <line num="537" type="stmt" count="1"/>
        <line num="539" type="stmt" count="1"/>
        <line num="543" type="stmt" count="1"/>
        <line num="545" type="stmt" count="1"/>
        <line num="546" type="stmt" count="1"/>
        <line num="548" type="stmt" count="1"/>
        <line num="555" type="stmt" count="1"/>
        <line num="557" type="stmt" count="1"/>
        <line num="559" type="stmt" count="1"/>
        <line num="563" type="stmt" count="1"/>
        <line num="565" type="stmt" count="1"/>
        <line num="566" type="stmt" count="1"/>
        <line num="568" type="stmt" count="1"/>
        <line num="575" type="stmt" count="1"/>
        <line num="584" type="method" name="getClassAnnotations" visibility="public" complexity="2" crap="2" count="9"/>
        <line num="586" type="stmt" count="9"/>
        <line num="588" type="stmt" count="9"/>
        <line num="590" type="stmt" count="3"/>
        <line num="594" type="stmt" count="9"/>
        <line num="604" type="method" name="getClassAnnotation" visibility="public" complexity="3" crap="3" count="3"/>
        <line num="606" type="stmt" count="3"/>
        <line num="608" type="stmt" count="3"/>
        <line num="610" type="stmt" count="2"/>
        <line num="616" type="stmt" count="1"/>
        <line num="625" type="method" name="getMethodAnnotations" visibility="public" complexity="2" crap="2" count="9"/>
        <line num="627" type="stmt" count="9"/>
        <line num="629" type="stmt" count="9"/>
        <line num="631" type="stmt" count="3"/>
        <line num="635" type="stmt" count="9"/>
        <line num="645" type="method" name="getMethodAnnotation" visibility="public" complexity="3" crap="3" count="3"/>
        <line num="647" type="stmt" count="3"/>
        <line num="649" type="stmt" count="3"/>
        <line num="651" type="stmt" count="2"/>
        <line num="657" type="stmt" count="1"/>
        <line num="666" type="method" name="getPropertyAnnotations" visibility="public" complexity="2" crap="2" count="9"/>
        <line num="668" type="stmt" count="9"/>
        <line num="670" type="stmt" count="9"/>
        <line num="672" type="stmt" count="3"/>
        <line num="676" type="stmt" count="9"/>
        <line num="686" type="method" name="getPropertyAnnotation" visibility="public" complexity="3" crap="3" count="3"/>
        <line num="688" type="stmt" count="3"/>
        <line num="690" type="stmt" count="3"/>
        <line num="692" type="stmt" count="2"/>
        <line num="698" type="stmt" count="1"/>
        <line num="705" type="method" name="getDelegate" visibility="public" complexity="1" crap="1" count="20"/>
        <line num="707" type="stmt" count="20"/>
        <line num="716" type="method" name="setDelegate" visibility="public" complexity="1" crap="1" count="35"/>
        <line num="718" type="stmt" count="35"/>
        <line num="719" type="stmt" count="35"/>
        <line num="726" type="method" name="clearClassMockProviders" visibility="public" complexity="1" crap="1" count="1"/>
        <line num="728" type="stmt" count="1"/>
        <line num="729" type="stmt" count="1"/>
        <line num="738" type="method" name="addClassMockProvider" visibility="public" complexity="3" crap="3" count="11"/>
        <line num="740" type="stmt" count="11"/>
        <line num="742" type="stmt" count="11"/>
        <line num="744" type="stmt" count="11"/>
        <line num="748" type="stmt" count="2"/>
        <line num="749" type="stmt" count="2"/>
        <line num="751" type="stmt" count="11"/>
        <line num="755" type="stmt" count="11"/>
        <line num="762" type="method" name="getClassMockProviders" visibility="public" complexity="1" crap="1" count="13"/>
        <line num="764" type="stmt" count="13"/>
        <line num="773" type="method" name="setClassMockProviders" visibility="public" complexity="2" crap="2" count="1"/>
        <line num="775" type="stmt" count="1"/>
        <line num="777" type="stmt" count="1"/>
        <line num="779" type="stmt" count="1"/>
        <line num="783" type="stmt" count="1"/>
        <line num="790" type="method" name="clearMethodMockProviders" visibility="public" complexity="1" crap="1" count="1"/>
        <line num="792" type="stmt" count="1"/>
        <line num="793" type="stmt" count="1"/>
        <line num="802" type="method" name="addMethodMockProvider" visibility="public" complexity="3" crap="3" count="11"/>
        <line num="804" type="stmt" count="11"/>
        <line num="806" type="stmt" count="11"/>
        <line num="808" type="stmt" count="11"/>
        <line num="812" type="stmt" count="2"/>
        <line num="813" type="stmt" count="2"/>
        <line num="815" type="stmt" count="11"/>
        <line num="819" type="stmt" count="11"/>
        <line num="826" type="method" name="getMethodMockProviders" visibility="public" complexity="1" crap="1" count="13"/>
        <line num="828" type="stmt" count="13"/>
        <line num="837" type="method" name="setMethodMockProviders" visibility="public" complexity="2" crap="2" count="1"/>
        <line num="839" type="stmt" count="1"/>
        <line num="841" type="stmt" count="1"/>
        <line num="843" type="stmt" count="1"/>
        <line num="847" type="stmt" count="1"/>
        <line num="854" type="method" name="clearPropertyMockProviders" visibility="public" complexity="1" crap="1" count="1"/>
        <line num="856" type="stmt" count="1"/>
        <line num="857" type="stmt" count="1"/>
        <line num="866" type="method" name="addPropertyMockProvider" visibility="public" complexity="3" crap="3" count="11"/>
        <line num="868" type="stmt" count="11"/>
        <line num="870" type="stmt" count="11"/>
        <line num="872" type="stmt" count="11"/>
        <line num="876" type="stmt" count="2"/>
        <line num="877" type="stmt" count="2"/>
        <line num="879" type="stmt" count="11"/>
        <line num="883" type="stmt" count="11"/>
        <line num="890" type="method" name="getPropertyMockProviders" visibility="public" complexity="1" crap="1" count="13"/>
        <line num="892" type="stmt" count="13"/>
        <line num="901" type="method" name="setPropertyMockProviders" visibility="public" complexity="2" crap="2" count="1"/>
        <line num="903" type="stmt" count="1"/>
        <line num="905" type="stmt" count="1"/>
        <line num="907" type="stmt" count="1"/>
        <line num="911" type="stmt" count="1"/>
        <line num="918" type="method" name="getStateStack" visibility="public" complexity="1" crap="1" count="5"/>
        <line num="920" type="stmt" count="5"/>
        <line num="929" type="method" name="setStateStack" visibility="public" complexity="1" crap="1" count="35"/>
        <line num="931" type="stmt" count="35"/>
        <line num="932" type="stmt" count="35"/>
        <metrics loc="936" ncloc="679" classes="1" methods="40" coveredmethods="40" conditionals="0" coveredconditionals="0" statements="169" coveredstatements="169" elements="209" coveredelements="209"/>
      </file>
    </package>
    <metrics files="24" loc="2323" ncloc="1420" classes="14" methods="98" coveredmethods="98" conditionals="0" coveredconditionals="0" statements="278" coveredstatements="278" elements="376" coveredelements="376"/>
  </project>
</coverage>
